[2025-07-13 02:35:12] [INFO] [绳包管理器::handlers::logs:src\handlers\logs.rs:196] 管理员 admin 清除了日志文件 - (绳包管理器::handlers::logs)
[2025-07-13 02:35:12] [INFO] [绳包管理器::logger:src\logger.rs:324] 请求完成 - ID: 777ce0f0-a602-4ad8-8ea0-113761f4fc73, 状态: 200 OK, 耗时: 1.2464ms - (绳包管理器::logger)
[2025-07-13 02:35:13] [INFO] [绳包管理器::logger:src\logger.rs:313] 请求开始 - ID: 32d700cd-0f16-4e6e-867b-819cb1c443a4, 方法: GET, URI: /api/logs/entries?page=1&page_size=20&username=admin, IP: Unknown, User-Agent: Unknown - (绳包管理器::logger)
[2025-07-13 02:35:13] [INFO] [绳包管理器::handlers::logs:src\handlers\logs.rs:150] 管理员 admin 获取日志条目，数量: 3 - (绳包管理器::handlers::logs)
[2025-07-13 02:35:13] [INFO] [绳包管理器::logger:src\logger.rs:324] 请求完成 - ID: 32d700cd-0f16-4e6e-867b-819cb1c443a4, 状态: 200 OK, 耗时: 1.0366ms - (绳包管理器::logger)
[2025-07-13 02:36:54] [INFO] [绳包管理器::logger:src\logger.rs:313] 请求开始 - ID: c7df08de-912b-45c5-a4c6-3f83eaa6b5d9, 方法: GET, URI: /api/logs/entries?page=1&page_size=20&username=admin, IP: Unknown, User-Agent: Unknown - (绳包管理器::logger)
[2025-07-13 02:36:54] [INFO] [绳包管理器::handlers::logs:src\handlers\logs.rs:150] 管理员 admin 获取日志条目，数量: 6 - (绳包管理器::handlers::logs)
[2025-07-13 02:36:54] [INFO] [绳包管理器::logger:src\logger.rs:324] 请求完成 - ID: c7df08de-912b-45c5-a4c6-3f83eaa6b5d9, 状态: 200 OK, 耗时: 1.9757ms - (绳包管理器::logger)
[2025-07-13 02:37:01] [INFO] [绳包管理器::logger:src\logger.rs:313] 请求开始 - ID: ab74d5c6-cd4b-49fc-b4e8-bd9de06fa39f, 方法: GET, URI: /api/logs/entries?page=1&page_size=20&username=admin, IP: Unknown, User-Agent: Unknown - (绳包管理器::logger)
[2025-07-13 02:37:01] [INFO] [绳包管理器::handlers::logs:src\handlers\logs.rs:150] 管理员 admin 获取日志条目，数量: 9 - (绳包管理器::handlers::logs)
[2025-07-13 02:37:01] [INFO] [绳包管理器::logger:src\logger.rs:324] 请求完成 - ID: ab74d5c6-cd4b-49fc-b4e8-bd9de06fa39f, 状态: 200 OK, 耗时: 2.0073ms - (绳包管理器::logger)
[2025-07-13 02:37:04] [INFO] [绳包管理器::logger:src\logger.rs:313] 请求开始 - ID: 7b1bf914-edb2-48fc-9b3b-e7e917bb8562, 方法: GET, URI: /api/logs/entries?page=1&page_size=20&username=admin, IP: Unknown, User-Agent: Unknown - (绳包管理器::logger)
[2025-07-13 02:37:04] [INFO] [绳包管理器::handlers::logs:src\handlers\logs.rs:150] 管理员 admin 获取日志条目，数量: 12 - (绳包管理器::handlers::logs)
[2025-07-13 02:37:04] [INFO] [绳包管理器::logger:src\logger.rs:324] 请求完成 - ID: 7b1bf914-edb2-48fc-9b3b-e7e917bb8562, 状态: 200 OK, 耗时: 2.082ms - (绳包管理器::logger)
[2025-07-13 02:38:25] [INFO] [绳包管理器::logger:src\logger.rs:313] 请求开始 - ID: 3765afc0-be1e-404f-9cde-92e6add18d45, 方法: GET, URI: /api/logs/entries?page=1&page_size=20&username=admin, IP: Unknown, User-Agent: Unknown - (绳包管理器::logger)
[2025-07-13 02:38:25] [INFO] [绳包管理器::handlers::logs:src\handlers\logs.rs:150] 管理员 admin 获取日志条目，数量: 15 - (绳包管理器::handlers::logs)
[2025-07-13 02:38:25] [INFO] [绳包管理器::logger:src\logger.rs:324] 请求完成 - ID: 3765afc0-be1e-404f-9cde-92e6add18d45, 状态: 200 OK, 耗时: 1.4382ms - (绳包管理器::logger)
[2025-07-13 02:38:28] [INFO] [绳包管理器::logger:src\logger.rs:313] 请求开始 - ID: f4ea9d43-873e-4961-8a87-a501d5c7574d, 方法: GET, URI: /api/logs/entries?page=1&page_size=20&username=admin, IP: Unknown, User-Agent: Unknown - (绳包管理器::logger)
[2025-07-13 02:38:28] [INFO] [绳包管理器::handlers::logs:src\handlers\logs.rs:150] 管理员 admin 获取日志条目，数量: 18 - (绳包管理器::handlers::logs)
[2025-07-13 02:38:28] [INFO] [绳包管理器::logger:src\logger.rs:324] 请求完成 - ID: f4ea9d43-873e-4961-8a87-a501d5c7574d, 状态: 200 OK, 耗时: 1.0822ms - (绳包管理器::logger)
[2025-07-13 02:38:31] [INFO] [绳包管理器::logger:src\logger.rs:313] 请求开始 - ID: 6190758a-32e5-4d1a-8077-b9a3c0014829, 方法: GET, URI: /api/logs/entries?page=1&page_size=20&username=admin, IP: Unknown, User-Agent: Unknown - (绳包管理器::logger)
[2025-07-13 02:38:31] [INFO] [绳包管理器::handlers::logs:src\handlers\logs.rs:150] 管理员 admin 获取日志条目，数量: 21 - (绳包管理器::handlers::logs)
[2025-07-13 02:38:31] [INFO] [绳包管理器::logger:src\logger.rs:324] 请求完成 - ID: 6190758a-32e5-4d1a-8077-b9a3c0014829, 状态: 200 OK, 耗时: 2.1916ms - (绳包管理器::logger)
[2025-07-13 02:40:57] [INFO] [绳包管理器::logger:src\logger.rs:313] 请求开始 - ID: f25fb13c-ecd4-4600-a104-b6c7e8358644, 方法: GET, URI: /api/logs/entries?page=1&page_size=20&username=admin, IP: Unknown, User-Agent: Unknown - (绳包管理器::logger)
[2025-07-13 02:40:57] [INFO] [绳包管理器::handlers::logs:src\handlers\logs.rs:150] 管理员 admin 获取日志条目，数量: 24 - (绳包管理器::handlers::logs)
[2025-07-13 02:40:57] [INFO] [绳包管理器::logger:src\logger.rs:324] 请求完成 - ID: f25fb13c-ecd4-4600-a104-b6c7e8358644, 状态: 200 OK, 耗时: 787.4µs - (绳包管理器::logger)
[2025-07-13 02:41:00] [INFO] [绳包管理器::logger:src\logger.rs:313] 请求开始 - ID: 99b32260-3dce-4dd1-bb4e-4fbecd40301a, 方法: GET, URI: /api/logs/entries?page=1&page_size=20&username=admin, IP: Unknown, User-Agent: Unknown - (绳包管理器::logger)
[2025-07-13 02:41:00] [INFO] [绳包管理器::handlers::logs:src\handlers\logs.rs:150] 管理员 admin 获取日志条目，数量: 27 - (绳包管理器::handlers::logs)
[2025-07-13 02:41:00] [INFO] [绳包管理器::logger:src\logger.rs:324] 请求完成 - ID: 99b32260-3dce-4dd1-bb4e-4fbecd40301a, 状态: 200 OK, 耗时: 133.1496ms - (绳包管理器::logger)
[2025-07-13 02:41:04] [INFO] [绳包管理器::logger:src\logger.rs:313] 请求开始 - ID: 1790c390-df26-4daf-8d3e-9dad2bbfe668, 方法: GET, URI: /api/logs/entries?page=1&page_size=20&username=admin, IP: Unknown, User-Agent: Unknown - (绳包管理器::logger)
[2025-07-13 02:41:04] [INFO] [绳包管理器::handlers::logs:src\handlers\logs.rs:150] 管理员 admin 获取日志条目，数量: 30 - (绳包管理器::handlers::logs)
[2025-07-13 02:41:04] [INFO] [绳包管理器::logger:src\logger.rs:324] 请求完成 - ID: 1790c390-df26-4daf-8d3e-9dad2bbfe668, 状态: 200 OK, 耗时: 69.3154ms - (绳包管理器::logger)
[2025-07-13 02:41:07] [INFO] [绳包管理器::logger:src\logger.rs:313] 请求开始 - ID: 0a209842-3142-442d-8fa3-2654783ef3aa, 方法: GET, URI: /api/logs/entries?page=1&page_size=20&username=admin, IP: Unknown, User-Agent: Unknown - (绳包管理器::logger)
[2025-07-13 02:41:07] [INFO] [绳包管理器::handlers::logs:src\handlers\logs.rs:150] 管理员 admin 获取日志条目，数量: 33 - (绳包管理器::handlers::logs)
[2025-07-13 02:41:07] [INFO] [绳包管理器::logger:src\logger.rs:324] 请求完成 - ID: 0a209842-3142-442d-8fa3-2654783ef3aa, 状态: 200 OK, 耗时: 1.0937ms - (绳包管理器::logger)
[2025-07-13 02:42:37] [INFO] [绳包管理器::logger:src\logger.rs:313] 请求开始 - ID: 97590cd3-606a-413b-b84e-05f09747c8e7, 方法: GET, URI: /api/logs/entries?page=1&page_size=20&username=admin, IP: Unknown, User-Agent: Unknown - (绳包管理器::logger)
[2025-07-13 02:42:37] [INFO] [绳包管理器::handlers::logs:src\handlers\logs.rs:150] 管理员 admin 获取日志条目，数量: 36 - (绳包管理器::handlers::logs)
[2025-07-13 02:42:37] [INFO] [绳包管理器::logger:src\logger.rs:324] 请求完成 - ID: 97590cd3-606a-413b-b84e-05f09747c8e7, 状态: 200 OK, 耗时: 52.824ms - (绳包管理器::logger)
[2025-07-13 02:42:42] [INFO] [绳包管理器::logger:src\logger.rs:313] 请求开始 - ID: 81414dcf-1264-48a8-a7e5-7ea59f4a6c13, 方法: GET, URI: /api/logs/entries?page=1&page_size=20&username=admin, IP: Unknown, User-Agent: Unknown - (绳包管理器::logger)
[2025-07-13 02:42:42] [INFO] [绳包管理器::handlers::logs:src\handlers\logs.rs:150] 管理员 admin 获取日志条目，数量: 39 - (绳包管理器::handlers::logs)
[2025-07-13 02:42:42] [INFO] [绳包管理器::logger:src\logger.rs:324] 请求完成 - ID: 81414dcf-1264-48a8-a7e5-7ea59f4a6c13, 状态: 200 OK, 耗时: 2.3553ms - (绳包管理器::logger)
[2025-07-13 02:42:54] [INFO] [绳包管理器::logger:src\logger.rs:313] 请求开始 - ID: c9690897-2361-46c8-bc45-343b1ec341ca, 方法: GET, URI: /api/logs/entries?page=1&page_size=20&username=admin, IP: Unknown, User-Agent: Unknown - (绳包管理器::logger)
[2025-07-13 02:42:54] [INFO] [绳包管理器::handlers::logs:src\handlers\logs.rs:150] 管理员 admin 获取日志条目，数量: 42 - (绳包管理器::handlers::logs)
[2025-07-13 02:42:54] [INFO] [绳包管理器::logger:src\logger.rs:324] 请求完成 - ID: c9690897-2361-46c8-bc45-343b1ec341ca, 状态: 200 OK, 耗时: 2.3388ms - (绳包管理器::logger)
[2025-07-13 02:44:08] [INFO] [绳包管理器::logger:src\logger.rs:313] 请求开始 - ID: 811b4e37-a7a3-4dd4-906a-8ce07d6c19bc, 方法: GET, URI: /api/logs/entries?page=1&page_size=20&username=admin, IP: Unknown, User-Agent: Unknown - (绳包管理器::logger)
[2025-07-13 02:44:08] [INFO] [绳包管理器::handlers::logs:src\handlers\logs.rs:150] 管理员 admin 获取日志条目，数量: 45 - (绳包管理器::handlers::logs)
[2025-07-13 02:44:08] [INFO] [绳包管理器::logger:src\logger.rs:324] 请求完成 - ID: 811b4e37-a7a3-4dd4-906a-8ce07d6c19bc, 状态: 200 OK, 耗时: 929.8µs - (绳包管理器::logger)
[2025-07-13 02:44:10] [INFO] [绳包管理器::logger:src\logger.rs:313] 请求开始 - ID: 6caf58d2-2945-4b9f-8b68-9e3b9694699d, 方法: GET, URI: /api/logs/entries?page=1&page_size=20&username=admin, IP: Unknown, User-Agent: Unknown - (绳包管理器::logger)
[2025-07-13 02:44:10] [INFO] [绳包管理器::handlers::logs:src\handlers\logs.rs:150] 管理员 admin 获取日志条目，数量: 48 - (绳包管理器::handlers::logs)
[2025-07-13 02:44:10] [INFO] [绳包管理器::logger:src\logger.rs:324] 请求完成 - ID: 6caf58d2-2945-4b9f-8b68-9e3b9694699d, 状态: 200 OK, 耗时: 1.2836ms - (绳包管理器::logger)
